[2023-12-17 22:48:58.556] [jointLog] [info] setting maxHashResizeThreads to 1
[2023-12-17 22:48:58.556] [jointLog] [info] Fragment incompatibility prior below threshold.  Incompatible fragments will be ignored.
[2023-12-17 22:48:58.556] [jointLog] [info] Usage of --validateMappings implies use of minScoreFraction. Since not explicitly specified, it is being set to 0.65
[2023-12-17 22:48:58.556] [jointLog] [info] Setting consensusSlack to selective-alignment default of 0.35.
[2023-12-17 22:48:58.556] [jointLog] [info] parsing read library format
[2023-12-17 22:48:58.557] [jointLog] [info] There is 1 library.
[2023-12-17 22:48:58.558] [jointLog] [info] Loading pufferfish index
[2023-12-17 22:48:58.558] [jointLog] [info] Loading dense pufferfish index.
[2023-12-17 22:49:02.652] [jointLog] [info] done
[2023-12-17 22:49:02.709] [jointLog] [info] Index contained 1,484,724 targets
[2023-12-17 22:49:03.040] [jointLog] [info] Number of decoys : 0
[2023-12-18 00:46:58.202] [fileLog] [info] 
At end of round 0
==================
Observed 50048939 total fragments (50048939 in most recent round)

[2023-12-18 00:46:58.199] [jointLog] [info] Computed 17,029 rich equivalence classes for further processing
[2023-12-18 00:46:58.201] [jointLog] [info] Counted 350,286 total reads in the equivalence classes 
[2023-12-18 00:46:58.203] [jointLog] [info] Number of mappings discarded because of alignment score : 471,558,104
[2023-12-18 00:46:58.203] [jointLog] [info] Number of fragments entirely discarded because of alignment score : 12,027,482
[2023-12-18 00:46:58.203] [jointLog] [info] Number of fragments discarded because they are best-mapped to decoys : 0
[2023-12-18 00:46:58.203] [jointLog] [info] Number of fragments discarded because they have only dovetail (discordant) mappings to valid targets : 1,967,665
[2023-12-18 00:46:58.391] [jointLog] [warning] Only 350286 fragments were mapped, but the number of burn-in fragments was set to 5000000.
The effective lengths have been computed using the observed mappings.

[2023-12-18 00:46:58.391] [jointLog] [info] Mapping rate = 0.699887%

[2023-12-18 00:46:58.391] [jointLog] [info] finished quantifyLibrary()
[2023-12-18 00:46:58.397] [jointLog] [info] Starting optimizer
[2023-12-18 00:46:59.085] [jointLog] [info] Marked 0 weighted equivalence classes as degenerate
[2023-12-18 00:47:03.209] [jointLog] [info] iteration = 0 | max rel diff. = 22.0064
[2023-12-18 00:53:57.006] [jointLog] [info] iteration = 100 | max rel diff. = 0.0853491
[2023-12-18 00:54:54.611] [jointLog] [info] iteration = 115 | max rel diff. = 0.00790701
[2023-12-18 00:54:54.876] [jointLog] [info] Finished optimizer
[2023-12-18 00:54:54.876] [jointLog] [info] writing output 

[2023-12-18 00:54:56.612] [jointLog] [warning] NOTE: Read Lib [[ SRR24292984_1.fastq, SRR24292984_2.fastq]] :

Detected a *potential* strand bias > 1% in an unstranded protocol check the file: SRR24292984_quant/lib_format_counts.json for details

